<?xml version="1.0" encoding="UTF-8"?>
<!-- Generated by org.testng.reporters.JUnitXMLReporter -->
<testsuite ignored="0" hostname="DESKTOP-DKK5M0P" failures="0" tests="3" name="Default test" time="7.094" errors="0" timestamp="2026-02-26T19:42:01 IST">
  <testcase classname="DynamicJSONLIbraryAPI" name="addBook" time="6.089"/>
  <testcase classname="DynamicJSONLIbraryAPI" name="addBook" time="0.411"/>
  <testcase classname="DynamicJSONLIbraryAPI" name="addBook" time="0.322"/>
</testsuite> <!-- Default test -->
