<?xml version="1.0" encoding="UTF-8"?>
<testng-results ignored="0" total="3" passed="3" failed="0" skipped="0">
  <reporter-output>
  </reporter-output>
  <suite started-at="2026-02-26T19:41:53 IST" name="Default suite" finished-at="2026-02-26T19:42:01 IST" duration-ms="7094">
    <groups>
    </groups>
    <test started-at="2026-02-26T19:41:53 IST" name="Default test" finished-at="2026-02-26T19:42:01 IST" duration-ms="7094">
      <class name="DynamicJSONLIbraryAPI">
        <test-method signature="addBook(java.lang.String,java.lang.String)[pri:0, instance:DynamicJSONLIbraryAPI@43bc63a3]" started-at="2026-02-26T19:41:54 IST" name="addBook" data-provider="DataforBooks" finished-at="2026-02-26T19:42:00 IST" duration-ms="6089" status="PASS">
          <params>
            <param index="0">
              <value>
                <![CDATA[278781]]>
              </value>
            </param>
            <param index="1">
              <value>
                <![CDATA[bcdw]]>
              </value>
            </param>
          </params>
          <reporter-output>
          </reporter-output>
        </test-method> <!-- addBook -->
        <test-method signature="addBook(java.lang.String,java.lang.String)[pri:0, instance:DynamicJSONLIbraryAPI@43bc63a3]" started-at="2026-02-26T19:42:00 IST" name="addBook" data-provider="DataforBooks" finished-at="2026-02-26T19:42:00 IST" duration-ms="411" status="PASS">
          <params>
            <param index="0">
              <value>
                <![CDATA[273381]]>
              </value>
            </param>
            <param index="1">
              <value>
                <![CDATA[bddw]]>
              </value>
            </param>
          </params>
          <reporter-output>
          </reporter-output>
        </test-method> <!-- addBook -->
        <test-method signature="addBook(java.lang.String,java.lang.String)[pri:0, instance:DynamicJSONLIbraryAPI@43bc63a3]" started-at="2026-02-26T19:42:00 IST" name="addBook" data-provider="DataforBooks" finished-at="2026-02-26T19:42:01 IST" duration-ms="322" status="PASS">
          <params>
            <param index="0">
              <value>
                <![CDATA[998781]]>
              </value>
            </param>
            <param index="1">
              <value>
                <![CDATA[jjw]]>
              </value>
            </param>
          </params>
          <reporter-output>
          </reporter-output>
        </test-method> <!-- addBook -->
      </class> <!-- DynamicJSONLIbraryAPI -->
    </test> <!-- Default test -->
  </suite> <!-- Default suite -->
</testng-results>
