<?xml version="1.0" encoding="UTF-8"?>
<!-- Generated by org.testng.reporters.JUnitReportReporter -->
<testsuite hostname="DESKTOP-DKK5M0P" failures="0" tests="3" name="DynamicJSONLIbraryAPI" time="6.822" errors="0" timestamp="2026-02-26T19:42:01 IST" skipped="0">
  <testcase classname="DynamicJSONLIbraryAPI" name="addBook" time="0.322"/>
  <testcase classname="DynamicJSONLIbraryAPI" name="addBook" time="6.089"/>
  <testcase classname="DynamicJSONLIbraryAPI" name="addBook" time="0.411"/>
</testsuite> <!-- DynamicJSONLIbraryAPI -->
